<?xml version="1.0" encoding="UTF-8"?>
<!-- Generated by org.testng.reporters.JUnitReportReporter -->
<testsuite skipped="0" hostname="dell" name="com.craftsvilla.testscripts.TpScript" tests="1" failures="0" timestamp="22 Apr 2019 17:47:21 GMT" time="10.559" errors="0">
  <testcase name="SignIn" time="10.559" classname="com.craftsvilla.testscripts.TpScript"/>
</testsuite> <!-- com.craftsvilla.testscripts.TpScript -->
