<?xml version="1.0" encoding="UTF-8"?>
<!-- Generated by org.testng.reporters.JUnitReportReporter -->
<testsuite skipped="0" hostname="dell" name="com.craftsvilla.testscripts.EmbroidedSaressScripts" tests="1" failures="0" timestamp="25 Apr 2019 17:29:05 GMT" time="41.963" errors="0">
  <testcase name="buyEmbroidedSaree" time="41.963" classname="com.craftsvilla.testscripts.EmbroidedSaressScripts"/>
</testsuite> <!-- com.craftsvilla.testscripts.EmbroidedSaressScripts -->
